2026-07-05 11:52:02,224 - INFO - Starting stability monitoring (interval: 30.0s)...
2026-07-05 11:52:02,224 - INFO - Starting 24-hour stability monitoring...
2026-07-05 11:52:02,224 - INFO - Monitoring for up to 24 hours (Ctrl+C to stop early)...
2026-07-05 11:52:30,048 - INFO - Starting stability monitoring (interval: 10.0s)...
2026-07-05 11:52:30,048 - INFO - Starting 24-hour stability monitoring...
2026-07-05 11:53:00,090 - INFO - Stability report saved to stability_report_1783266780.json
2026-07-05 11:53:12,597 - INFO - Starting stability monitoring (interval: 30.0s)...
2026-07-05 11:53:12,597 - INFO - Starting 24-hour stability monitoring...
2026-07-05 11:53:12,597 - INFO - Monitoring for up to 24 hours (Ctrl+C to stop early)...
2026-07-05 11:57:42,793 - INFO - Check 10 complete. Total checks: 10
2026-07-05 12:02:42,938 - INFO - Check 20 complete. Total checks: 20
2026-07-05 12:07:43,129 - INFO - Check 30 complete. Total checks: 30
2026-07-05 12:12:43,348 - INFO - Check 40 complete. Total checks: 40
2026-07-05 12:17:43,556 - INFO - Check 50 complete. Total checks: 50
2026-07-05 12:22:43,851 - INFO - Check 60 complete. Total checks: 60
2026-07-05 12:27:44,047 - INFO - Check 70 complete. Total checks: 70
2026-07-05 12:32:44,251 - INFO - Check 80 complete. Total checks: 80
2026-07-05 12:37:44,462 - INFO - Check 90 complete. Total checks: 90
2026-07-05 12:42:44,707 - INFO - Check 100 complete. Total checks: 100
2026-07-05 12:47:44,914 - INFO - Check 110 complete. Total checks: 110
2026-07-05 12:52:45,127 - INFO - Check 120 complete. Total checks: 120
2026-07-05 12:57:45,342 - INFO - Check 130 complete. Total checks: 130
2026-07-05 13:02:45,555 - INFO - Check 140 complete. Total checks: 140
2026-07-05 13:07:45,762 - INFO - Check 150 complete. Total checks: 150
2026-07-05 13:12:45,972 - INFO - Check 160 complete. Total checks: 160
2026-07-05 13:17:46,186 - INFO - Check 170 complete. Total checks: 170
2026-07-05 13:22:46,353 - INFO - Check 180 complete. Total checks: 180
2026-07-05 13:27:46,540 - INFO - Check 190 complete. Total checks: 190
2026-07-05 13:32:46,741 - INFO - Check 200 complete. Total checks: 200
2026-07-05 13:37:46,932 - INFO - Check 210 complete. Total checks: 210
2026-07-05 13:42:47,144 - INFO - Check 220 complete. Total checks: 220
2026-07-05 13:47:47,304 - INFO - Check 230 complete. Total checks: 230
2026-07-05 13:52:47,509 - INFO - Check 240 complete. Total checks: 240
2026-07-05 13:57:47,724 - INFO - Check 250 complete. Total checks: 250
2026-07-05 14:02:47,940 - INFO - Check 260 complete. Total checks: 260
2026-07-05 14:07:48,152 - INFO - Check 270 complete. Total checks: 270
2026-07-05 14:12:48,353 - INFO - Check 280 complete. Total checks: 280
2026-07-05 14:17:48,558 - INFO - Check 290 complete. Total checks: 290
2026-07-05 14:22:48,764 - INFO - Check 300 complete. Total checks: 300
2026-07-05 14:27:48,963 - INFO - Check 310 complete. Total checks: 310
2026-07-05 14:32:49,202 - INFO - Check 320 complete. Total checks: 320
2026-07-05 14:37:49,389 - INFO - Check 330 complete. Total checks: 330
2026-07-05 14:42:49,595 - INFO - Check 340 complete. Total checks: 340
2026-07-05 14:47:49,756 - INFO - Check 350 complete. Total checks: 350
2026-07-05 14:52:49,971 - INFO - Check 360 complete. Total checks: 360
2026-07-05 14:57:50,185 - INFO - Check 370 complete. Total checks: 370
2026-07-05 15:02:50,386 - INFO - Check 380 complete. Total checks: 380
2026-07-05 15:07:50,584 - INFO - Check 390 complete. Total checks: 390
2026-07-05 15:12:50,789 - INFO - Check 400 complete. Total checks: 400
2026-07-05 15:17:51,003 - INFO - Check 410 complete. Total checks: 410
2026-07-05 15:22:51,192 - INFO - Check 420 complete. Total checks: 420
2026-07-05 15:27:51,383 - INFO - Check 430 complete. Total checks: 430
2026-07-05 15:32:51,586 - INFO - Check 440 complete. Total checks: 440
2026-07-05 15:37:51,788 - INFO - Check 450 complete. Total checks: 450
2026-07-05 15:42:51,990 - INFO - Check 460 complete. Total checks: 460
2026-07-05 15:47:52,203 - INFO - Check 470 complete. Total checks: 470
2026-07-05 15:52:52,409 - INFO - Check 480 complete. Total checks: 480
2026-07-05 15:57:52,635 - INFO - Check 490 complete. Total checks: 490
2026-07-05 16:02:52,820 - INFO - Check 500 complete. Total checks: 500
2026-07-05 16:07:52,987 - INFO - Check 510 complete. Total checks: 510
2026-07-05 16:12:53,175 - INFO - Check 520 complete. Total checks: 520
2026-07-05 16:17:53,383 - INFO - Check 530 complete. Total checks: 530
2026-07-05 16:22:53,563 - INFO - Check 540 complete. Total checks: 540
2026-07-05 16:27:53,735 - INFO - Check 550 complete. Total checks: 550
2026-07-05 16:32:53,923 - INFO - Check 560 complete. Total checks: 560
2026-07-05 16:37:54,134 - INFO - Check 570 complete. Total checks: 570
2026-07-05 16:42:54,274 - INFO - Check 580 complete. Total checks: 580
2026-07-05 16:47:54,473 - INFO - Check 590 complete. Total checks: 590
2026-07-05 16:52:54,694 - INFO - Check 600 complete. Total checks: 600
2026-07-05 16:57:54,903 - INFO - Check 610 complete. Total checks: 610
2026-07-05 17:02:55,101 - INFO - Check 620 complete. Total checks: 620
2026-07-05 17:07:55,320 - INFO - Check 630 complete. Total checks: 630
2026-07-05 17:12:55,533 - INFO - Check 640 complete. Total checks: 640
2026-07-05 17:17:55,755 - INFO - Check 650 complete. Total checks: 650
2026-07-05 17:22:55,945 - INFO - Check 660 complete. Total checks: 660
2026-07-05 17:27:56,171 - INFO - Check 670 complete. Total checks: 670
2026-07-05 17:32:56,357 - INFO - Check 680 complete. Total checks: 680
2026-07-05 17:37:56,555 - INFO - Check 690 complete. Total checks: 690
2026-07-05 17:42:56,776 - INFO - Check 700 complete. Total checks: 700
2026-07-05 17:47:56,993 - INFO - Check 710 complete. Total checks: 710
2026-07-05 17:52:57,190 - INFO - Check 720 complete. Total checks: 720
2026-07-05 17:57:57,417 - INFO - Check 730 complete. Total checks: 730
2026-07-05 18:02:57,629 - INFO - Check 740 complete. Total checks: 740
2026-07-05 18:07:57,846 - INFO - Check 750 complete. Total checks: 750
2026-07-05 18:12:58,042 - INFO - Check 760 complete. Total checks: 760
2026-07-05 18:17:58,248 - INFO - Check 770 complete. Total checks: 770
2026-07-05 18:22:58,465 - INFO - Check 780 complete. Total checks: 780
2026-07-05 18:27:58,685 - INFO - Check 790 complete. Total checks: 790
2026-07-05 18:32:58,879 - INFO - Check 800 complete. Total checks: 800
2026-07-05 18:37:59,052 - INFO - Check 810 complete. Total checks: 810
2026-07-05 18:42:59,236 - INFO - Check 820 complete. Total checks: 820
2026-07-05 18:47:59,433 - INFO - Check 830 complete. Total checks: 830
2026-07-05 18:52:59,616 - INFO - Check 840 complete. Total checks: 840
2026-07-05 18:57:59,768 - INFO - Check 850 complete. Total checks: 850
2026-07-05 19:02:59,959 - INFO - Check 860 complete. Total checks: 860
2026-07-05 19:08:00,149 - INFO - Check 870 complete. Total checks: 870
2026-07-05 19:13:00,329 - INFO - Check 880 complete. Total checks: 880
2026-07-05 19:18:00,532 - INFO - Check 890 complete. Total checks: 890
2026-07-05 19:23:00,739 - INFO - Check 900 complete. Total checks: 900
2026-07-05 19:28:00,905 - INFO - Check 910 complete. Total checks: 910
2026-07-05 19:33:01,074 - INFO - Check 920 complete. Total checks: 920
2026-07-05 19:38:01,267 - INFO - Check 930 complete. Total checks: 930
2026-07-05 19:43:01,489 - INFO - Check 940 complete. Total checks: 940
2026-07-05 19:48:01,666 - INFO - Check 950 complete. Total checks: 950
2026-07-05 19:53:01,819 - INFO - Check 960 complete. Total checks: 960
2026-07-05 19:58:02,002 - INFO - Check 970 complete. Total checks: 970
2026-07-05 20:03:02,137 - INFO - Check 980 complete. Total checks: 980
2026-07-05 20:08:02,291 - INFO - Check 990 complete. Total checks: 990
2026-07-05 20:13:02,461 - INFO - Check 1000 complete. Total checks: 1000
2026-07-05 20:18:02,564 - INFO - Check 1010 complete. Total checks: 1010
2026-07-05 20:23:02,727 - INFO - Check 1020 complete. Total checks: 1020
2026-07-05 20:28:02,876 - INFO - Check 1030 complete. Total checks: 1030
2026-07-05 20:33:03,042 - INFO - Check 1040 complete. Total checks: 1040
2026-07-05 20:38:03,205 - INFO - Check 1050 complete. Total checks: 1050
2026-07-05 20:43:03,417 - INFO - Check 1060 complete. Total checks: 1060
2026-07-05 20:48:03,593 - INFO - Check 1070 complete. Total checks: 1070
2026-07-05 20:53:03,786 - INFO - Check 1080 complete. Total checks: 1080
2026-07-05 20:58:03,966 - INFO - Check 1090 complete. Total checks: 1090
2026-07-05 21:03:04,196 - INFO - Check 1100 complete. Total checks: 1100
2026-07-05 21:08:04,418 - INFO - Check 1110 complete. Total checks: 1110
2026-07-05 21:13:04,610 - INFO - Check 1120 complete. Total checks: 1120
2026-07-05 21:18:04,810 - INFO - Check 1130 complete. Total checks: 1130
2026-07-05 21:23:05,011 - INFO - Check 1140 complete. Total checks: 1140
2026-07-05 21:28:05,191 - INFO - Check 1150 complete. Total checks: 1150
2026-07-05 21:33:05,408 - INFO - Check 1160 complete. Total checks: 1160
2026-07-05 21:38:05,631 - INFO - Check 1170 complete. Total checks: 1170
2026-07-05 21:43:05,836 - INFO - Check 1180 complete. Total checks: 1180
2026-07-05 21:48:06,076 - INFO - Check 1190 complete. Total checks: 1190
2026-07-05 21:53:06,270 - INFO - Check 1200 complete. Total checks: 1200
2026-07-05 21:58:06,479 - INFO - Check 1210 complete. Total checks: 1210
2026-07-05 22:03:06,692 - INFO - Check 1220 complete. Total checks: 1220
2026-07-05 22:08:06,873 - INFO - Check 1230 complete. Total checks: 1230
2026-07-05 22:13:06,999 - INFO - Check 1240 complete. Total checks: 1240
2026-07-05 22:18:07,214 - INFO - Check 1250 complete. Total checks: 1250
2026-07-05 22:23:07,421 - INFO - Check 1260 complete. Total checks: 1260
2026-07-05 22:28:07,633 - INFO - Check 1270 complete. Total checks: 1270
2026-07-05 22:33:07,821 - INFO - Check 1280 complete. Total checks: 1280
2026-07-05 22:38:08,010 - INFO - Check 1290 complete. Total checks: 1290
2026-07-05 22:43:08,240 - INFO - Check 1300 complete. Total checks: 1300
2026-07-05 22:48:08,380 - INFO - Check 1310 complete. Total checks: 1310
2026-07-05 22:53:08,584 - INFO - Check 1320 complete. Total checks: 1320
2026-07-05 22:58:08,786 - INFO - Check 1330 complete. Total checks: 1330
2026-07-05 23:03:08,997 - INFO - Check 1340 complete. Total checks: 1340
2026-07-05 23:08:09,256 - INFO - Check 1350 complete. Total checks: 1350
2026-07-05 23:13:09,463 - INFO - Check 1360 complete. Total checks: 1360
2026-07-05 23:18:09,684 - INFO - Check 1370 complete. Total checks: 1370
2026-07-05 23:23:09,895 - INFO - Check 1380 complete. Total checks: 1380
2026-07-05 23:28:10,106 - INFO - Check 1390 complete. Total checks: 1390
2026-07-05 23:33:10,368 - INFO - Check 1400 complete. Total checks: 1400
2026-07-05 23:38:10,585 - INFO - Check 1410 complete. Total checks: 1410
2026-07-05 23:43:10,794 - INFO - Check 1420 complete. Total checks: 1420
2026-07-05 23:48:11,003 - INFO - Check 1430 complete. Total checks: 1430
2026-07-05 23:53:11,219 - INFO - Check 1440 complete. Total checks: 1440
2026-07-05 23:58:11,429 - INFO - Check 1450 complete. Total checks: 1450
2026-07-06 00:03:11,606 - INFO - Check 1460 complete. Total checks: 1460
2026-07-06 00:08:11,833 - INFO - Check 1470 complete. Total checks: 1470
2026-07-06 00:13:11,961 - INFO - Check 1480 complete. Total checks: 1480
2026-07-06 00:18:12,163 - INFO - Check 1490 complete. Total checks: 1490
2026-07-06 00:23:12,351 - INFO - Check 1500 complete. Total checks: 1500
2026-07-06 00:28:12,539 - INFO - Check 1510 complete. Total checks: 1510
2026-07-06 00:33:12,791 - INFO - Check 1520 complete. Total checks: 1520
2026-07-06 00:38:12,999 - INFO - Check 1530 complete. Total checks: 1530
2026-07-06 00:43:13,214 - INFO - Check 1540 complete. Total checks: 1540
2026-07-06 00:48:13,405 - INFO - Check 1550 complete. Total checks: 1550
2026-07-06 00:53:13,611 - INFO - Check 1560 complete. Total checks: 1560
2026-07-06 00:58:13,797 - INFO - Check 1570 complete. Total checks: 1570
2026-07-06 01:03:14,011 - INFO - Check 1580 complete. Total checks: 1580
2026-07-06 01:08:14,176 - INFO - Check 1590 complete. Total checks: 1590
2026-07-06 01:13:14,381 - INFO - Check 1600 complete. Total checks: 1600
2026-07-06 01:18:14,600 - INFO - Check 1610 complete. Total checks: 1610
2026-07-06 01:23:14,810 - INFO - Check 1620 complete. Total checks: 1620
2026-07-06 01:28:15,034 - INFO - Check 1630 complete. Total checks: 1630
2026-07-06 01:33:15,243 - INFO - Check 1640 complete. Total checks: 1640
2026-07-06 01:38:15,440 - INFO - Check 1650 complete. Total checks: 1650
2026-07-06 01:43:15,648 - INFO - Check 1660 complete. Total checks: 1660
2026-07-06 01:48:15,893 - INFO - Check 1670 complete. Total checks: 1670
2026-07-06 01:53:16,087 - INFO - Check 1680 complete. Total checks: 1680
2026-07-06 01:58:16,294 - INFO - Check 1690 complete. Total checks: 1690
2026-07-06 02:03:16,492 - INFO - Check 1700 complete. Total checks: 1700
2026-07-06 02:08:16,720 - INFO - Check 1710 complete. Total checks: 1710
2026-07-06 02:13:16,934 - INFO - Check 1720 complete. Total checks: 1720
2026-07-06 02:18:17,148 - INFO - Check 1730 complete. Total checks: 1730
2026-07-06 02:23:17,370 - INFO - Check 1740 complete. Total checks: 1740
2026-07-06 02:28:17,563 - INFO - Check 1750 complete. Total checks: 1750
2026-07-06 02:33:17,733 - INFO - Check 1760 complete. Total checks: 1760
2026-07-06 02:38:17,938 - INFO - Check 1770 complete. Total checks: 1770
2026-07-06 02:43:18,151 - INFO - Check 1780 complete. Total checks: 1780
2026-07-06 02:48:18,354 - INFO - Check 1790 complete. Total checks: 1790
2026-07-06 02:53:18,576 - INFO - Check 1800 complete. Total checks: 1800
2026-07-06 02:58:18,793 - INFO - Check 1810 complete. Total checks: 1810
2026-07-06 03:03:19,000 - INFO - Check 1820 complete. Total checks: 1820
2026-07-06 03:08:19,192 - INFO - Check 1830 complete. Total checks: 1830
2026-07-06 03:13:19,409 - INFO - Check 1840 complete. Total checks: 1840
2026-07-06 03:18:19,656 - INFO - Check 1850 complete. Total checks: 1850
2026-07-06 03:23:19,882 - INFO - Check 1860 complete. Total checks: 1860
2026-07-06 03:28:20,077 - INFO - Check 1870 complete. Total checks: 1870
2026-07-06 03:33:20,287 - INFO - Check 1880 complete. Total checks: 1880
2026-07-06 03:38:20,495 - INFO - Check 1890 complete. Total checks: 1890
2026-07-06 03:43:20,709 - INFO - Check 1900 complete. Total checks: 1900
2026-07-06 03:48:20,920 - INFO - Check 1910 complete. Total checks: 1910
2026-07-06 03:53:21,119 - INFO - Check 1920 complete. Total checks: 1920
2026-07-06 03:58:21,319 - INFO - Check 1930 complete. Total checks: 1930
2026-07-06 04:03:21,524 - INFO - Check 1940 complete. Total checks: 1940
2026-07-06 04:08:21,734 - INFO - Check 1950 complete. Total checks: 1950
2026-07-06 04:13:21,936 - INFO - Check 1960 complete. Total checks: 1960
2026-07-06 04:18:22,148 - INFO - Check 1970 complete. Total checks: 1970
2026-07-06 04:23:22,362 - INFO - Check 1980 complete. Total checks: 1980
2026-07-06 04:28:22,569 - INFO - Check 1990 complete. Total checks: 1990
2026-07-06 04:33:22,790 - INFO - Check 2000 complete. Total checks: 2000
2026-07-06 04:38:23,013 - INFO - Check 2010 complete. Total checks: 2010
2026-07-06 04:43:23,221 - INFO - Check 2020 complete. Total checks: 2020
2026-07-06 04:48:23,420 - INFO - Check 2030 complete. Total checks: 2030
2026-07-06 04:53:23,608 - INFO - Check 2040 complete. Total checks: 2040
2026-07-06 04:58:23,825 - INFO - Check 2050 complete. Total checks: 2050
2026-07-06 05:03:24,059 - INFO - Check 2060 complete. Total checks: 2060
2026-07-06 05:08:24,258 - INFO - Check 2070 complete. Total checks: 2070
2026-07-06 05:13:24,469 - INFO - Check 2080 complete. Total checks: 2080
2026-07-06 05:18:24,676 - INFO - Check 2090 complete. Total checks: 2090
2026-07-06 05:23:24,888 - INFO - Check 2100 complete. Total checks: 2100
2026-07-06 05:28:25,097 - INFO - Check 2110 complete. Total checks: 2110
2026-07-06 05:33:25,313 - INFO - Check 2120 complete. Total checks: 2120
2026-07-06 05:38:25,535 - INFO - Check 2130 complete. Total checks: 2130
2026-07-06 05:43:25,751 - INFO - Check 2140 complete. Total checks: 2140
2026-07-06 05:48:25,937 - INFO - Check 2150 complete. Total checks: 2150
2026-07-06 05:53:26,134 - INFO - Check 2160 complete. Total checks: 2160
2026-07-06 05:58:26,356 - INFO - Check 2170 complete. Total checks: 2170
2026-07-06 06:03:26,563 - INFO - Check 2180 complete. Total checks: 2180
2026-07-06 06:08:26,766 - INFO - Check 2190 complete. Total checks: 2190
2026-07-06 06:13:26,846 - INFO - Check 2200 complete. Total checks: 2200
2026-07-06 06:18:27,053 - INFO - Check 2210 complete. Total checks: 2210
2026-07-06 06:23:27,251 - INFO - Check 2220 complete. Total checks: 2220
2026-07-06 06:28:27,458 - INFO - Check 2230 complete. Total checks: 2230
2026-07-06 06:33:27,720 - INFO - Check 2240 complete. Total checks: 2240
2026-07-06 06:38:27,902 - INFO - Check 2250 complete. Total checks: 2250
2026-07-06 06:43:28,092 - INFO - Check 2260 complete. Total checks: 2260
2026-07-06 06:48:28,286 - INFO - Check 2270 complete. Total checks: 2270
2026-07-06 06:53:28,474 - INFO - Check 2280 complete. Total checks: 2280
2026-07-06 06:58:28,708 - INFO - Check 2290 complete. Total checks: 2290
2026-07-06 07:03:28,925 - INFO - Check 2300 complete. Total checks: 2300
2026-07-06 07:08:29,132 - INFO - Check 2310 complete. Total checks: 2310
2026-07-06 07:13:29,344 - INFO - Check 2320 complete. Total checks: 2320
2026-07-06 07:18:29,431 - INFO - Check 2330 complete. Total checks: 2330
2026-07-06 07:23:29,619 - INFO - Check 2340 complete. Total checks: 2340
2026-07-06 07:28:29,804 - INFO - Check 2350 complete. Total checks: 2350
2026-07-06 07:33:30,005 - INFO - Check 2360 complete. Total checks: 2360
2026-07-06 07:38:30,292 - INFO - Check 2370 complete. Total checks: 2370
2026-07-06 07:43:30,496 - INFO - Check 2380 complete. Total checks: 2380
2026-07-06 07:48:30,707 - INFO - Check 2390 complete. Total checks: 2390
2026-07-06 07:53:30,915 - INFO - Check 2400 complete. Total checks: 2400
2026-07-06 07:58:31,194 - INFO - Check 2410 complete. Total checks: 2410
2026-07-06 08:03:31,413 - INFO - Check 2420 complete. Total checks: 2420
2026-07-06 08:08:31,630 - INFO - Check 2430 complete. Total checks: 2430
2026-07-06 08:59:53,674 - INFO - Check 2440 complete. Total checks: 2440
2026-07-06 09:04:53,858 - INFO - Check 2450 complete. Total checks: 2450
2026-07-06 09:09:54,047 - INFO - Check 2460 complete. Total checks: 2460
2026-07-06 09:14:54,264 - INFO - Check 2470 complete. Total checks: 2470
2026-07-06 09:19:54,472 - INFO - Check 2480 complete. Total checks: 2480
2026-07-06 09:24:54,649 - INFO - Check 2490 complete. Total checks: 2490
2026-07-06 09:29:54,879 - INFO - Check 2500 complete. Total checks: 2500
2026-07-06 09:34:55,050 - INFO - Check 2510 complete. Total checks: 2510
2026-07-06 09:39:55,274 - INFO - Check 2520 complete. Total checks: 2520
2026-07-06 09:44:55,484 - INFO - Check 2530 complete. Total checks: 2530
2026-07-06 09:49:55,706 - INFO - Check 2540 complete. Total checks: 2540
2026-07-06 09:54:55,909 - INFO - Check 2550 complete. Total checks: 2550
2026-07-06 09:59:56,130 - INFO - Check 2560 complete. Total checks: 2560
2026-07-06 10:04:56,345 - INFO - Check 2570 complete. Total checks: 2570
2026-07-06 10:09:56,560 - INFO - Check 2580 complete. Total checks: 2580
2026-07-06 10:14:56,769 - INFO - Check 2590 complete. Total checks: 2590
2026-07-06 10:19:56,955 - INFO - Check 2600 complete. Total checks: 2600
2026-07-06 10:24:57,172 - INFO - Check 2610 complete. Total checks: 2610
2026-07-06 10:29:57,390 - INFO - Check 2620 complete. Total checks: 2620
2026-07-06 10:34:57,592 - INFO - Check 2630 complete. Total checks: 2630
2026-07-06 10:39:57,717 - INFO - Check 2640 complete. Total checks: 2640
2026-07-06 10:44:57,925 - INFO - Check 2650 complete. Total checks: 2650
2026-07-06 10:49:58,107 - INFO - Check 2660 complete. Total checks: 2660
2026-07-06 10:54:58,324 - INFO - Check 2670 complete. Total checks: 2670
2026-07-06 10:59:58,538 - INFO - Check 2680 complete. Total checks: 2680
2026-07-06 11:04:58,760 - INFO - Check 2690 complete. Total checks: 2690
2026-07-06 11:09:58,954 - INFO - Check 2700 complete. Total checks: 2700
2026-07-06 11:14:59,156 - INFO - Check 2710 complete. Total checks: 2710
2026-07-06 11:19:59,351 - INFO - Check 2720 complete. Total checks: 2720
2026-07-06 11:24:59,522 - INFO - Check 2730 complete. Total checks: 2730
2026-07-06 11:29:59,696 - INFO - Check 2740 complete. Total checks: 2740
2026-07-06 11:34:59,885 - INFO - Check 2750 complete. Total checks: 2750
2026-07-06 11:40:00,104 - INFO - Check 2760 complete. Total checks: 2760
2026-07-06 11:45:00,337 - INFO - Check 2770 complete. Total checks: 2770
2026-07-06 11:50:00,546 - INFO - Check 2780 complete. Total checks: 2780
2026-07-06 11:53:54,946 - INFO - Stability report saved to stability_report_1783353234.json
